<?xml version="1.0" encoding="UTF-8"?>
<!-- Generated by org.testng.reporters.JUnitReportReporter -->
<testsuite skipped="0" hostname="CTRLSOFT-C7X6GX" name="Testscripts.Test_create_task" tests="1" failures="0" timestamp="02 Aug 2020 14:22:23 GMT" time="119.109" errors="0">
  <testcase name="create_task" time="119.109" classname="Testscripts.Test_create_task"/>
</testsuite> <!-- Testscripts.Test_create_task -->
